<?xml version="1.0" encoding="UTF-8"?>
<testng-results ignored="0" total="0" passed="0" failed="0" skipped="0">
  <reporter-output>
  </reporter-output>
  <suite started-at="2025-02-09T18:30:53 SAST" name="Allure Suite" finished-at="2025-02-09T18:30:53 SAST" duration-ms="28">
    <groups>
    </groups>
    <test started-at="2025-02-09T18:30:53 SAST" name="Sample Test" finished-at="2025-02-09T18:30:53 SAST" duration-ms="28">
    </test> <!-- Sample Test -->
  </suite> <!-- Allure Suite -->
</testng-results>
